{"C:\\Users\\esteb\\Documents\\Esteban\\Proyectos\\BackEnd\\JavaScritp\\konecta-backend-ai-assessment-esteban-penagos\\task-manager-api\\src\\index.ts": {"path":"C:\\Users\\esteb\\Documents\\Esteban\\Proyectos\\BackEnd\\JavaScritp\\konecta-backend-ai-assessment-esteban-penagos\\task-manager-api\\src\\index.ts","statementMap":{"0":{"start":{"line":2,"column":0},"end":{"line":2,"column":46}},"1":{"start":{"line":4,"column":0},"end":{"line":4,"column":84}},"2":{"start":{"line":5,"column":0},"end":{"line":5,"column":72}},"3":{"start":{"line":6,"column":0},"end":{"line":6,"column":72}},"4":{"start":{"line":8,"column":41},"end":{"line":12,"column":null}},"5":{"start":{"line":14,"column":12},"end":{"line":14,"column":35}},"6":{"start":{"line":16,"column":0},"end":{"line":16,"column":12}}},"fnMap":{},"branchMap":{},"s":{"0":0,"1":0,"2":0,"3":0,"4":0,"5":0,"6":0},"f":{},"b":{}}
,"C:\\Users\\esteb\\Documents\\Esteban\\Proyectos\\BackEnd\\JavaScritp\\konecta-backend-ai-assessment-esteban-penagos\\task-manager-api\\src\\application\\modules\\security\\useCases\\authorize\\index.ts": {"path":"C:\\Users\\esteb\\Documents\\Esteban\\Proyectos\\BackEnd\\JavaScritp\\konecta-backend-ai-assessment-esteban-penagos\\task-manager-api\\src\\application\\modules\\security\\useCases\\authorize\\index.ts","statementMap":{"0":{"start":{"line":1,"column":0},"end":{"line":1,"column":66}},"1":{"start":{"line":3,"column":0},"end":{"line":3,"column":53}},"2":{"start":{"line":4,"column":0},"end":{"line":4,"column":51}},"3":{"start":{"line":5,"column":0},"end":{"line":5,"column":null}},"4":{"start":{"line":14,"column":4},"end":{"line":14,"column":12}},"5":{"start":{"line":13,"column":31},"end":{"line":13,"column":56}},"6":{"start":{"line":17,"column":19},"end":{"line":17,"column":42}},"7":{"start":{"line":18,"column":4},"end":{"line":22,"column":null}},"8":{"start":{"line":21,"column":6},"end":{"line":21,"column":20}},"9":{"start":{"line":24,"column":4},"end":{"line":30,"column":null}},"10":{"start":{"line":25,"column":6},"end":{"line":28,"column":8}},"11":{"start":{"line":29,"column":6},"end":{"line":29,"column":20}},"12":{"start":{"line":32,"column":18},"end":{"line":32,"column":65}},"13":{"start":{"line":33,"column":4},"end":{"line":39,"column":null}},"14":{"start":{"line":34,"column":6},"end":{"line":37,"column":8}},"15":{"start":{"line":38,"column":6},"end":{"line":38,"column":20}},"16":{"start":{"line":41,"column":4},"end":{"line":41,"column":58}},"17":{"start":{"line":42,"column":4},"end":{"line":42,"column":18}},"18":{"start":{"line":46,"column":23},"end":{"line":46,"column":45}},"19":{"start":{"line":47,"column":4},"end":{"line":47,"column":64}},"20":{"start":{"line":12,"column":0},"end":{"line":12,"column":13}}},"fnMap":{"0":{"name":"(anonymous_7)","decl":{"start":{"line":13,"column":2},"end":{"line":13,"column":31}},"loc":{"start":{"line":13,"column":56},"end":{"line":15,"column":3}}},"1":{"name":"(anonymous_8)","decl":{"start":{"line":16,"column":8},"end":{"line":16,"column":15}},"loc":{"start":{"line":16,"column":46},"end":{"line":43,"column":null}}},"2":{"name":"(anonymous_10)","decl":{"start":{"line":45,"column":10},"end":{"line":45,"column":28}},"loc":{"start":{"line":45,"column":59},"end":{"line":48,"column":3}}}},"branchMap":{"0":{"loc":{"start":{"line":18,"column":4},"end":{"line":22,"column":null}},"type":"if","locations":[{"start":{"line":18,"column":4},"end":{"line":22,"column":null}}]},"1":{"loc":{"start":{"line":24,"column":4},"end":{"line":30,"column":null}},"type":"if","locations":[{"start":{"line":24,"column":4},"end":{"line":30,"column":null}}]},"2":{"loc":{"start":{"line":33,"column":4},"end":{"line":39,"column":null}},"type":"if","locations":[{"start":{"line":33,"column":4},"end":{"line":39,"column":null}}]},"3":{"loc":{"start":{"line":47,"column":11},"end":{"line":47,"column":63}},"type":"binary-expr","locations":[{"start":{"line":47,"column":11},"end":{"line":47,"column":51}},{"start":{"line":47,"column":55},"end":{"line":47,"column":63}}]}},"s":{"0":1,"1":1,"2":1,"3":1,"4":1,"5":1,"6":3,"7":3,"8":1,"9":2,"10":1,"11":1,"12":1,"13":1,"14":1,"15":1,"16":0,"17":0,"18":2,"19":2,"20":1},"f":{"0":1,"1":3,"2":2},"b":{"0":[1],"1":[1],"2":[1],"3":[2,1]}}
,"C:\\Users\\esteb\\Documents\\Esteban\\Proyectos\\BackEnd\\JavaScritp\\konecta-backend-ai-assessment-esteban-penagos\\task-manager-api\\src\\application\\modules\\security\\useCases\\login\\index.ts": {"path":"C:\\Users\\esteb\\Documents\\Esteban\\Proyectos\\BackEnd\\JavaScritp\\konecta-backend-ai-assessment-esteban-penagos\\task-manager-api\\src\\application\\modules\\security\\useCases\\login\\index.ts","statementMap":{"0":{"start":{"line":2,"column":0},"end":{"line":2,"column":59}},"1":{"start":{"line":7,"column":0},"end":{"line":7,"column":null}},"2":{"start":{"line":22,"column":4},"end":{"line":22,"column":12}},"3":{"start":{"line":19,"column":21},"end":{"line":19,"column":46}},"4":{"start":{"line":20,"column":21},"end":{"line":20,"column":42}},"5":{"start":{"line":30,"column":19},"end":{"line":30,"column":42}},"6":{"start":{"line":32,"column":18},"end":{"line":32,"column":76}},"7":{"start":{"line":34,"column":4},"end":{"line":62,"column":null}},"8":{"start":{"line":35,"column":6},"end":{"line":35,"column":80}},"9":{"start":{"line":35,"column":66},"end":{"line":35,"column":80}},"10":{"start":{"line":37,"column":25},"end":{"line":37,"column":64}},"11":{"start":{"line":39,"column":6},"end":{"line":45,"column":null}},"12":{"start":{"line":40,"column":8},"end":{"line":43,"column":10}},"13":{"start":{"line":44,"column":8},"end":{"line":44,"column":22}},"14":{"start":{"line":47,"column":30},"end":{"line":48,"column":null}},"15":{"start":{"line":51,"column":6},"end":{"line":55,"column":8}},"16":{"start":{"line":57,"column":6},"end":{"line":57,"column":25}},"17":{"start":{"line":58,"column":6},"end":{"line":58,"column":32}},"18":{"start":{"line":60,"column":6},"end":{"line":60,"column":32}},"19":{"start":{"line":61,"column":6},"end":{"line":61,"column":38}},"20":{"start":{"line":64,"column":4},"end":{"line":64,"column":18}},"21":{"start":{"line":72,"column":20},"end":{"line":76,"column":6}},"22":{"start":{"line":78,"column":4},"end":{"line":78,"column":19}},"23":{"start":{"line":82,"column":17},"end":{"line":82,"column":71}},"24":{"start":{"line":84,"column":4},"end":{"line":84,"column":16}},"25":{"start":{"line":17,"column":0},"end":{"line":17,"column":13}}},"fnMap":{"0":{"name":"(anonymous_7)","decl":{"start":{"line":18,"column":2},"end":{"line":18,"column":null}},"loc":{"start":{"line":20,"column":42},"end":{"line":23,"column":3}}},"1":{"name":"(anonymous_8)","decl":{"start":{"line":25,"column":8},"end":{"line":25,"column":15}},"loc":{"start":{"line":28,"column":31},"end":{"line":65,"column":null}}},"2":{"name":"(anonymous_10)","decl":{"start":{"line":67,"column":10},"end":{"line":67,"column":25}},"loc":{"start":{"line":70,"column":23},"end":{"line":79,"column":3}}},"3":{"name":"(anonymous_11)","decl":{"start":{"line":81,"column":16},"end":{"line":81,"column":28}},"loc":{"start":{"line":81,"column":59},"end":{"line":85,"column":null}}}},"branchMap":{"0":{"loc":{"start":{"line":35,"column":6},"end":{"line":35,"column":80}},"type":"if","locations":[{"start":{"line":35,"column":6},"end":{"line":35,"column":80}}]},"1":{"loc":{"start":{"line":39,"column":6},"end":{"line":45,"column":null}},"type":"if","locations":[{"start":{"line":39,"column":6},"end":{"line":45,"column":null}}]},"2":{"loc":{"start":{"line":73,"column":16},"end":{"line":73,"column":40}},"type":"cond-expr","locations":[{"start":{"line":73,"column":30},"end":{"line":73,"column":32}},{"start":{"line":73,"column":16},"end":{"line":73,"column":40}}]},"3":{"loc":{"start":{"line":73,"column":16},"end":{"line":73,"column":32}},"type":"binary-expr","locations":[{"start":{"line":73,"column":16},"end":{"line":73,"column":32}},{"start":{"line":73,"column":16},"end":{"line":73,"column":32}}]},"4":{"loc":{"start":{"line":74,"column":16},"end":{"line":74,"column":40}},"type":"cond-expr","locations":[{"start":{"line":74,"column":30},"end":{"line":74,"column":32}},{"start":{"line":74,"column":16},"end":{"line":74,"column":40}}]},"5":{"loc":{"start":{"line":74,"column":16},"end":{"line":74,"column":32}},"type":"binary-expr","locations":[{"start":{"line":74,"column":16},"end":{"line":74,"column":32}},{"start":{"line":74,"column":16},"end":{"line":74,"column":32}}]}},"s":{"0":0,"1":0,"2":0,"3":0,"4":0,"5":0,"6":0,"7":0,"8":0,"9":0,"10":0,"11":0,"12":0,"13":0,"14":0,"15":0,"16":0,"17":0,"18":0,"19":0,"20":0,"21":0,"22":0,"23":0,"24":0,"25":0},"f":{"0":0,"1":0,"2":0,"3":0},"b":{"0":[0],"1":[0],"2":[0,0],"3":[0,0],"4":[0,0],"5":[0,0]}}
,"C:\\Users\\esteb\\Documents\\Esteban\\Proyectos\\BackEnd\\JavaScritp\\konecta-backend-ai-assessment-esteban-penagos\\task-manager-api\\src\\application\\modules\\task\\common\\TaskMap.ts": {"path":"C:\\Users\\esteb\\Documents\\Esteban\\Proyectos\\BackEnd\\JavaScritp\\konecta-backend-ai-assessment-esteban-penagos\\task-manager-api\\src\\application\\modules\\task\\common\\TaskMap.ts","statementMap":{"0":{"start":{"line":1,"column":0},"end":{"line":1,"column":52}},"1":{"start":{"line":2,"column":0},"end":{"line":2,"column":54}},"2":{"start":{"line":3,"column":0},"end":{"line":3,"column":42}},"3":{"start":{"line":7,"column":8},"end":{"line":7,"column":88}},"4":{"start":{"line":11,"column":8},"end":{"line":11,"column":89}},"5":{"start":{"line":15,"column":8},"end":{"line":15,"column":49}},"6":{"start":{"line":5,"column":0},"end":{"line":5,"column":21}}},"fnMap":{"0":{"name":"(anonymous_0)","decl":{"start":{"line":6,"column":11},"end":{"line":6,"column":17}},"loc":{"start":{"line":6,"column":68},"end":{"line":8,"column":5}}},"1":{"name":"(anonymous_1)","decl":{"start":{"line":10,"column":11},"end":{"line":10,"column":17}},"loc":{"start":{"line":10,"column":47},"end":{"line":12,"column":5}}},"2":{"name":"(anonymous_2)","decl":{"start":{"line":14,"column":11},"end":{"line":14,"column":17}},"loc":{"start":{"line":14,"column":37},"end":{"line":16,"column":5}}}},"branchMap":{},"s":{"0":0,"1":0,"2":0,"3":0,"4":0,"5":0,"6":0},"f":{"0":0,"1":0,"2":0},"b":{}}
,"C:\\Users\\esteb\\Documents\\Esteban\\Proyectos\\BackEnd\\JavaScritp\\konecta-backend-ai-assessment-esteban-penagos\\task-manager-api\\src\\application\\modules\\task\\useCases\\createTask\\index.ts": {"path":"C:\\Users\\esteb\\Documents\\Esteban\\Proyectos\\BackEnd\\JavaScritp\\konecta-backend-ai-assessment-esteban-penagos\\task-manager-api\\src\\application\\modules\\task\\useCases\\createTask\\index.ts","statementMap":{"0":{"start":{"line":4,"column":0},"end":{"line":4,"column":null}},"1":{"start":{"line":12,"column":0},"end":{"line":12,"column":43}},"2":{"start":{"line":17,"column":4},"end":{"line":17,"column":12}},"3":{"start":{"line":16,"column":22},"end":{"line":16,"column":43}},"4":{"start":{"line":25,"column":19},"end":{"line":25,"column":47}},"5":{"start":{"line":26,"column":18},"end":{"line":28,"column":null}},"6":{"start":{"line":30,"column":4},"end":{"line":54,"column":null}},"7":{"start":{"line":31,"column":6},"end":{"line":31,"column":64}},"8":{"start":{"line":31,"column":50},"end":{"line":31,"column":64}},"9":{"start":{"line":33,"column":25},"end":{"line":34,"column":null}},"10":{"start":{"line":37,"column":6},"end":{"line":43,"column":null}},"11":{"start":{"line":38,"column":8},"end":{"line":41,"column":10}},"12":{"start":{"line":42,"column":8},"end":{"line":42,"column":22}},"13":{"start":{"line":45,"column":6},"end":{"line":49,"column":8}},"14":{"start":{"line":50,"column":6},"end":{"line":50,"column":25}},"15":{"start":{"line":52,"column":6},"end":{"line":52,"column":32}},"16":{"start":{"line":53,"column":6},"end":{"line":53,"column":38}},"17":{"start":{"line":56,"column":4},"end":{"line":56,"column":18}},"18":{"start":{"line":60,"column":20},"end":{"line":63,"column":6}},"19":{"start":{"line":65,"column":4},"end":{"line":65,"column":19}},"20":{"start":{"line":15,"column":0},"end":{"line":15,"column":13}}},"fnMap":{"0":{"name":"(anonymous_7)","decl":{"start":{"line":16,"column":2},"end":{"line":16,"column":22}},"loc":{"start":{"line":16,"column":43},"end":{"line":18,"column":3}}},"1":{"name":"(anonymous_8)","decl":{"start":{"line":20,"column":15},"end":{"line":20,"column":22}},"loc":{"start":{"line":23,"column":31},"end":{"line":57,"column":null}}},"2":{"name":"(anonymous_10)","decl":{"start":{"line":59,"column":10},"end":{"line":59,"column":25}},"loc":{"start":{"line":59,"column":65},"end":{"line":66,"column":3}}}},"branchMap":{"0":{"loc":{"start":{"line":31,"column":6},"end":{"line":31,"column":64}},"type":"if","locations":[{"start":{"line":31,"column":6},"end":{"line":31,"column":64}}]},"1":{"loc":{"start":{"line":37,"column":6},"end":{"line":43,"column":null}},"type":"if","locations":[{"start":{"line":37,"column":6},"end":{"line":43,"column":null}}]}},"s":{"0":0,"1":0,"2":0,"3":0,"4":0,"5":0,"6":0,"7":0,"8":0,"9":0,"10":0,"11":0,"12":0,"13":0,"14":0,"15":0,"16":0,"17":0,"18":0,"19":0,"20":0},"f":{"0":0,"1":0,"2":0},"b":{"0":[0],"1":[0]}}
,"C:\\Users\\esteb\\Documents\\Esteban\\Proyectos\\BackEnd\\JavaScritp\\konecta-backend-ai-assessment-esteban-penagos\\task-manager-api\\src\\application\\modules\\task\\useCases\\deleteTask\\index.ts": {"path":"C:\\Users\\esteb\\Documents\\Esteban\\Proyectos\\BackEnd\\JavaScritp\\konecta-backend-ai-assessment-esteban-penagos\\task-manager-api\\src\\application\\modules\\task\\useCases\\deleteTask\\index.ts","statementMap":{"0":{"start":{"line":3,"column":0},"end":{"line":3,"column":null}},"1":{"start":{"line":14,"column":6},"end":{"line":14,"column":14}},"2":{"start":{"line":13,"column":24},"end":{"line":13,"column":45}},"3":{"start":{"line":21,"column":21},"end":{"line":21,"column":49}},"4":{"start":{"line":22,"column":20},"end":{"line":24,"column":null}},"5":{"start":{"line":26,"column":6},"end":{"line":49,"column":null}},"6":{"start":{"line":27,"column":8},"end":{"line":28,"column":24}},"7":{"start":{"line":28,"column":10},"end":{"line":28,"column":24}},"8":{"start":{"line":30,"column":39},"end":{"line":30,"column":79}},"9":{"start":{"line":32,"column":8},"end":{"line":38,"column":null}},"10":{"start":{"line":33,"column":10},"end":{"line":36,"column":12}},"11":{"start":{"line":37,"column":10},"end":{"line":37,"column":24}},"12":{"start":{"line":40,"column":8},"end":{"line":44,"column":10}},"13":{"start":{"line":45,"column":8},"end":{"line":45,"column":27}},"14":{"start":{"line":47,"column":8},"end":{"line":47,"column":34}},"15":{"start":{"line":48,"column":8},"end":{"line":48,"column":40}},"16":{"start":{"line":51,"column":6},"end":{"line":51,"column":20}},"17":{"start":{"line":12,"column":0},"end":{"line":12,"column":13}}},"fnMap":{"0":{"name":"(anonymous_7)","decl":{"start":{"line":13,"column":4},"end":{"line":13,"column":24}},"loc":{"start":{"line":13,"column":45},"end":{"line":15,"column":5}}},"1":{"name":"(anonymous_8)","decl":{"start":{"line":17,"column":17},"end":{"line":17,"column":24}},"loc":{"start":{"line":19,"column":33},"end":{"line":52,"column":null}}}},"branchMap":{"0":{"loc":{"start":{"line":27,"column":8},"end":{"line":28,"column":24}},"type":"if","locations":[{"start":{"line":27,"column":8},"end":{"line":28,"column":24}}]},"1":{"loc":{"start":{"line":32,"column":8},"end":{"line":38,"column":null}},"type":"if","locations":[{"start":{"line":32,"column":8},"end":{"line":38,"column":null}}]}},"s":{"0":0,"1":0,"2":0,"3":0,"4":0,"5":0,"6":0,"7":0,"8":0,"9":0,"10":0,"11":0,"12":0,"13":0,"14":0,"15":0,"16":0,"17":0},"f":{"0":0,"1":0},"b":{"0":[0],"1":[0]}}
,"C:\\Users\\esteb\\Documents\\Esteban\\Proyectos\\BackEnd\\JavaScritp\\konecta-backend-ai-assessment-esteban-penagos\\task-manager-api\\src\\application\\modules\\task\\useCases\\getTaskById\\index.ts": {"path":"C:\\Users\\esteb\\Documents\\Esteban\\Proyectos\\BackEnd\\JavaScritp\\konecta-backend-ai-assessment-esteban-penagos\\task-manager-api\\src\\application\\modules\\task\\useCases\\getTaskById\\index.ts","statementMap":{"0":{"start":{"line":2,"column":0},"end":{"line":2,"column":68}},"1":{"start":{"line":5,"column":0},"end":{"line":5,"column":null}},"2":{"start":{"line":12,"column":0},"end":{"line":12,"column":43}},"3":{"start":{"line":16,"column":4},"end":{"line":16,"column":12}},"4":{"start":{"line":15,"column":22},"end":{"line":15,"column":43}},"5":{"start":{"line":24,"column":19},"end":{"line":24,"column":47}},"6":{"start":{"line":25,"column":18},"end":{"line":27,"column":null}},"7":{"start":{"line":29,"column":4},"end":{"line":51,"column":null}},"8":{"start":{"line":30,"column":6},"end":{"line":30,"column":79}},"9":{"start":{"line":30,"column":65},"end":{"line":30,"column":79}},"10":{"start":{"line":32,"column":25},"end":{"line":32,"column":66}},"11":{"start":{"line":34,"column":6},"end":{"line":40,"column":null}},"12":{"start":{"line":35,"column":8},"end":{"line":38,"column":10}},"13":{"start":{"line":39,"column":8},"end":{"line":39,"column":22}},"14":{"start":{"line":42,"column":6},"end":{"line":46,"column":8}},"15":{"start":{"line":47,"column":6},"end":{"line":47,"column":25}},"16":{"start":{"line":49,"column":6},"end":{"line":49,"column":32}},"17":{"start":{"line":50,"column":6},"end":{"line":50,"column":38}},"18":{"start":{"line":53,"column":4},"end":{"line":53,"column":18}},"19":{"start":{"line":14,"column":0},"end":{"line":14,"column":13}}},"fnMap":{"0":{"name":"(anonymous_7)","decl":{"start":{"line":15,"column":2},"end":{"line":15,"column":22}},"loc":{"start":{"line":15,"column":43},"end":{"line":17,"column":3}}},"1":{"name":"(anonymous_8)","decl":{"start":{"line":19,"column":15},"end":{"line":19,"column":22}},"loc":{"start":{"line":22,"column":31},"end":{"line":54,"column":null}}}},"branchMap":{"0":{"loc":{"start":{"line":30,"column":6},"end":{"line":30,"column":79}},"type":"if","locations":[{"start":{"line":30,"column":6},"end":{"line":30,"column":79}}]},"1":{"loc":{"start":{"line":34,"column":6},"end":{"line":40,"column":null}},"type":"if","locations":[{"start":{"line":34,"column":6},"end":{"line":40,"column":null}}]}},"s":{"0":0,"1":0,"2":0,"3":0,"4":0,"5":0,"6":0,"7":0,"8":0,"9":0,"10":0,"11":0,"12":0,"13":0,"14":0,"15":0,"16":0,"17":0,"18":0,"19":0},"f":{"0":0,"1":0},"b":{"0":[0],"1":[0]}}
,"C:\\Users\\esteb\\Documents\\Esteban\\Proyectos\\BackEnd\\JavaScritp\\konecta-backend-ai-assessment-esteban-penagos\\task-manager-api\\src\\application\\modules\\task\\useCases\\getTasksByUser\\index.ts": {"path":"C:\\Users\\esteb\\Documents\\Esteban\\Proyectos\\BackEnd\\JavaScritp\\konecta-backend-ai-assessment-esteban-penagos\\task-manager-api\\src\\application\\modules\\task\\useCases\\getTasksByUser\\index.ts","statementMap":{"0":{"start":{"line":3,"column":0},"end":{"line":3,"column":null}},"1":{"start":{"line":10,"column":0},"end":{"line":10,"column":43}},"2":{"start":{"line":16,"column":4},"end":{"line":16,"column":12}},"3":{"start":{"line":15,"column":22},"end":{"line":15,"column":43}},"4":{"start":{"line":23,"column":19},"end":{"line":23,"column":43}},"5":{"start":{"line":24,"column":18},"end":{"line":26,"column":null}},"6":{"start":{"line":28,"column":4},"end":{"line":54,"column":null}},"7":{"start":{"line":30,"column":8},"end":{"line":30,"column":69}},"8":{"start":{"line":32,"column":6},"end":{"line":38,"column":null}},"9":{"start":{"line":33,"column":8},"end":{"line":36,"column":10}},"10":{"start":{"line":37,"column":8},"end":{"line":37,"column":22}},"11":{"start":{"line":40,"column":30},"end":{"line":42,"column":8}},"12":{"start":{"line":41,"column":8},"end":{"line":41,"column":38}},"13":{"start":{"line":44,"column":6},"end":{"line":48,"column":8}},"14":{"start":{"line":49,"column":6},"end":{"line":49,"column":25}},"15":{"start":{"line":52,"column":6},"end":{"line":52,"column":32}},"16":{"start":{"line":53,"column":6},"end":{"line":53,"column":38}},"17":{"start":{"line":56,"column":4},"end":{"line":56,"column":18}},"18":{"start":{"line":14,"column":0},"end":{"line":14,"column":13}}},"fnMap":{"0":{"name":"(anonymous_7)","decl":{"start":{"line":15,"column":2},"end":{"line":15,"column":22}},"loc":{"start":{"line":15,"column":43},"end":{"line":17,"column":3}}},"1":{"name":"(anonymous_8)","decl":{"start":{"line":19,"column":15},"end":{"line":19,"column":22}},"loc":{"start":{"line":21,"column":31},"end":{"line":57,"column":null}}},"2":{"name":"(anonymous_10)","decl":{"start":{"line":40,"column":40},"end":{"line":40,"column":41}},"loc":{"start":{"line":40,"column":49},"end":{"line":42,"column":7}}}},"branchMap":{"0":{"loc":{"start":{"line":30,"column":8},"end":{"line":30,"column":69}},"type":"cond-expr","locations":[{"start":{"line":30,"column":63},"end":{"line":30,"column":67}},{"start":{"line":30,"column":67},"end":{"line":30,"column":69}}]},"1":{"loc":{"start":{"line":30,"column":8},"end":{"line":30,"column":67}},"type":"binary-expr","locations":[{"start":{"line":30,"column":8},"end":{"line":30,"column":67}},{"start":{"line":30,"column":63},"end":{"line":30,"column":67}}]},"2":{"loc":{"start":{"line":32,"column":6},"end":{"line":38,"column":null}},"type":"if","locations":[{"start":{"line":32,"column":6},"end":{"line":38,"column":null}}]},"3":{"loc":{"start":{"line":32,"column":10},"end":{"line":32,"column":23}},"type":"cond-expr","locations":[{"start":{"line":32,"column":15},"end":{"line":32,"column":17}},{"start":{"line":32,"column":10},"end":{"line":32,"column":23}}]},"4":{"loc":{"start":{"line":32,"column":10},"end":{"line":32,"column":17}},"type":"binary-expr","locations":[{"start":{"line":32,"column":10},"end":{"line":32,"column":17}},{"start":{"line":32,"column":10},"end":{"line":32,"column":17}}]}},"s":{"0":0,"1":0,"2":0,"3":0,"4":0,"5":0,"6":0,"7":0,"8":0,"9":0,"10":0,"11":0,"12":0,"13":0,"14":0,"15":0,"16":0,"17":0,"18":0},"f":{"0":0,"1":0,"2":0},"b":{"0":[0,0],"1":[0,0],"2":[0],"3":[0,0],"4":[0,0]}}
,"C:\\Users\\esteb\\Documents\\Esteban\\Proyectos\\BackEnd\\JavaScritp\\konecta-backend-ai-assessment-esteban-penagos\\task-manager-api\\src\\application\\modules\\task\\useCases\\updateTask\\index.ts": {"path":"C:\\Users\\esteb\\Documents\\Esteban\\Proyectos\\BackEnd\\JavaScritp\\konecta-backend-ai-assessment-esteban-penagos\\task-manager-api\\src\\application\\modules\\task\\useCases\\updateTask\\index.ts","statementMap":{"0":{"start":{"line":4,"column":0},"end":{"line":4,"column":null}},"1":{"start":{"line":12,"column":0},"end":{"line":12,"column":43}},"2":{"start":{"line":16,"column":4},"end":{"line":16,"column":12}},"3":{"start":{"line":15,"column":22},"end":{"line":15,"column":43}},"4":{"start":{"line":24,"column":19},"end":{"line":24,"column":47}},"5":{"start":{"line":25,"column":18},"end":{"line":27,"column":null}},"6":{"start":{"line":29,"column":4},"end":{"line":52,"column":null}},"7":{"start":{"line":30,"column":6},"end":{"line":31,"column":22}},"8":{"start":{"line":31,"column":8},"end":{"line":31,"column":22}},"9":{"start":{"line":33,"column":25},"end":{"line":33,"column":66}},"10":{"start":{"line":35,"column":6},"end":{"line":41,"column":null}},"11":{"start":{"line":36,"column":8},"end":{"line":39,"column":10}},"12":{"start":{"line":40,"column":8},"end":{"line":40,"column":22}},"13":{"start":{"line":43,"column":6},"end":{"line":47,"column":8}},"14":{"start":{"line":48,"column":6},"end":{"line":48,"column":25}},"15":{"start":{"line":50,"column":6},"end":{"line":50,"column":32}},"16":{"start":{"line":51,"column":6},"end":{"line":51,"column":38}},"17":{"start":{"line":54,"column":4},"end":{"line":54,"column":18}},"18":{"start":{"line":14,"column":0},"end":{"line":14,"column":13}}},"fnMap":{"0":{"name":"(anonymous_7)","decl":{"start":{"line":15,"column":2},"end":{"line":15,"column":22}},"loc":{"start":{"line":15,"column":43},"end":{"line":17,"column":3}}},"1":{"name":"(anonymous_8)","decl":{"start":{"line":19,"column":15},"end":{"line":19,"column":22}},"loc":{"start":{"line":22,"column":31},"end":{"line":55,"column":null}}}},"branchMap":{"0":{"loc":{"start":{"line":30,"column":6},"end":{"line":31,"column":22}},"type":"if","locations":[{"start":{"line":30,"column":6},"end":{"line":31,"column":22}}]},"1":{"loc":{"start":{"line":35,"column":6},"end":{"line":41,"column":null}},"type":"if","locations":[{"start":{"line":35,"column":6},"end":{"line":41,"column":null}}]}},"s":{"0":0,"1":0,"2":0,"3":0,"4":0,"5":0,"6":0,"7":0,"8":0,"9":0,"10":0,"11":0,"12":0,"13":0,"14":0,"15":0,"16":0,"17":0,"18":0},"f":{"0":0,"1":0},"b":{"0":[0],"1":[0]}}
,"C:\\Users\\esteb\\Documents\\Esteban\\Proyectos\\BackEnd\\JavaScritp\\konecta-backend-ai-assessment-esteban-penagos\\task-manager-api\\src\\application\\modules\\user\\common\\UserMap.ts": {"path":"C:\\Users\\esteb\\Documents\\Esteban\\Proyectos\\BackEnd\\JavaScritp\\konecta-backend-ai-assessment-esteban-penagos\\task-manager-api\\src\\application\\modules\\user\\common\\UserMap.ts","statementMap":{"0":{"start":{"line":1,"column":0},"end":{"line":1,"column":52}},"1":{"start":{"line":7,"column":8},"end":{"line":7,"column":null}},"2":{"start":{"line":4,"column":0},"end":{"line":4,"column":21}}},"fnMap":{"0":{"name":"(anonymous_0)","decl":{"start":{"line":6,"column":11},"end":{"line":6,"column":17}},"loc":{"start":{"line":6,"column":46},"end":{"line":8,"column":5}}}},"branchMap":{},"s":{"0":0,"1":0,"2":0},"f":{"0":0},"b":{}}
,"C:\\Users\\esteb\\Documents\\Esteban\\Proyectos\\BackEnd\\JavaScritp\\konecta-backend-ai-assessment-esteban-penagos\\task-manager-api\\src\\application\\modules\\user\\useCases\\createUser\\index.ts": {"path":"C:\\Users\\esteb\\Documents\\Esteban\\Proyectos\\BackEnd\\JavaScritp\\konecta-backend-ai-assessment-esteban-penagos\\task-manager-api\\src\\application\\modules\\user\\useCases\\createUser\\index.ts","statementMap":{"0":{"start":{"line":1,"column":0},"end":{"line":1,"column":43}},"1":{"start":{"line":4,"column":0},"end":{"line":4,"column":null}},"2":{"start":{"line":17,"column":4},"end":{"line":17,"column":12}},"3":{"start":{"line":16,"column":21},"end":{"line":16,"column":42}},"4":{"start":{"line":24,"column":19},"end":{"line":24,"column":41}},"5":{"start":{"line":25,"column":18},"end":{"line":25,"column":82}},"6":{"start":{"line":26,"column":4},"end":{"line":57,"column":null}},"7":{"start":{"line":27,"column":6},"end":{"line":33,"column":22}},"8":{"start":{"line":33,"column":8},"end":{"line":33,"column":22}},"9":{"start":{"line":35,"column":19},"end":{"line":36,"column":null}},"10":{"start":{"line":38,"column":6},"end":{"line":44,"column":null}},"11":{"start":{"line":39,"column":8},"end":{"line":42,"column":10}},"12":{"start":{"line":43,"column":8},"end":{"line":43,"column":22}},"13":{"start":{"line":46,"column":6},"end":{"line":50,"column":8}},"14":{"start":{"line":52,"column":6},"end":{"line":52,"column":25}},"15":{"start":{"line":53,"column":6},"end":{"line":53,"column":32}},"16":{"start":{"line":55,"column":6},"end":{"line":55,"column":32}},"17":{"start":{"line":56,"column":6},"end":{"line":56,"column":38}},"18":{"start":{"line":59,"column":4},"end":{"line":59,"column":18}},"19":{"start":{"line":15,"column":0},"end":{"line":15,"column":13}}},"fnMap":{"0":{"name":"(anonymous_7)","decl":{"start":{"line":16,"column":2},"end":{"line":16,"column":21}},"loc":{"start":{"line":16,"column":42},"end":{"line":18,"column":3}}},"1":{"name":"(anonymous_8)","decl":{"start":{"line":20,"column":15},"end":{"line":20,"column":22}},"loc":{"start":{"line":22,"column":31},"end":{"line":60,"column":null}}}},"branchMap":{"0":{"loc":{"start":{"line":27,"column":6},"end":{"line":33,"column":22}},"type":"if","locations":[{"start":{"line":27,"column":6},"end":{"line":33,"column":22}}]},"1":{"loc":{"start":{"line":29,"column":20},"end":{"line":29,"column":37}},"type":"cond-expr","locations":[{"start":{"line":29,"column":27},"end":{"line":29,"column":29}},{"start":{"line":29,"column":20},"end":{"line":29,"column":37}}]},"2":{"loc":{"start":{"line":29,"column":20},"end":{"line":29,"column":29}},"type":"binary-expr","locations":[{"start":{"line":29,"column":20},"end":{"line":29,"column":29}},{"start":{"line":29,"column":20},"end":{"line":29,"column":29}}]},"3":{"loc":{"start":{"line":30,"column":20},"end":{"line":30,"column":37}},"type":"cond-expr","locations":[{"start":{"line":30,"column":27},"end":{"line":30,"column":29}},{"start":{"line":30,"column":20},"end":{"line":30,"column":37}}]},"4":{"loc":{"start":{"line":30,"column":20},"end":{"line":30,"column":29}},"type":"binary-expr","locations":[{"start":{"line":30,"column":20},"end":{"line":30,"column":29}},{"start":{"line":30,"column":20},"end":{"line":30,"column":29}}]},"5":{"loc":{"start":{"line":38,"column":6},"end":{"line":44,"column":null}},"type":"if","locations":[{"start":{"line":38,"column":6},"end":{"line":44,"column":null}}]},"6":{"loc":{"start":{"line":47,"column":14},"end":{"line":47,"column":22}},"type":"cond-expr","locations":[{"start":{"line":47,"column":18},"end":{"line":47,"column":20}},{"start":{"line":47,"column":14},"end":{"line":47,"column":22}}]},"7":{"loc":{"start":{"line":47,"column":14},"end":{"line":47,"column":20}},"type":"binary-expr","locations":[{"start":{"line":47,"column":14},"end":{"line":47,"column":20}},{"start":{"line":47,"column":14},"end":{"line":47,"column":20}}]}},"s":{"0":0,"1":0,"2":0,"3":0,"4":0,"5":0,"6":0,"7":0,"8":0,"9":0,"10":0,"11":0,"12":0,"13":0,"14":0,"15":0,"16":0,"17":0,"18":0,"19":0},"f":{"0":0,"1":0},"b":{"0":[0],"1":[0,0],"2":[0,0],"3":[0,0],"4":[0,0],"5":[0],"6":[0,0],"7":[0,0]}}
,"C:\\Users\\esteb\\Documents\\Esteban\\Proyectos\\BackEnd\\JavaScritp\\konecta-backend-ai-assessment-esteban-penagos\\task-manager-api\\src\\domain\\audit\\AuditApplication.ts": {"path":"C:\\Users\\esteb\\Documents\\Esteban\\Proyectos\\BackEnd\\JavaScritp\\konecta-backend-ai-assessment-esteban-penagos\\task-manager-api\\src\\domain\\audit\\AuditApplication.ts","statementMap":{"0":{"start":{"line":12,"column":12},"end":{"line":12,"column":29}},"1":{"start":{"line":22,"column":6},"end":{"line":22,"column":20}},"2":{"start":{"line":23,"column":6},"end":{"line":23,"column":34}},"3":{"start":{"line":24,"column":6},"end":{"line":24,"column":28}},"4":{"start":{"line":25,"column":6},"end":{"line":25,"column":28}},"5":{"start":{"line":26,"column":6},"end":{"line":26,"column":44}},"6":{"start":{"line":27,"column":6},"end":{"line":27,"column":25}},"7":{"start":{"line":31,"column":6},"end":{"line":31,"column":22}},"8":{"start":{"line":34,"column":6},"end":{"line":34,"column":23}},"9":{"start":{"line":38,"column":6},"end":{"line":38,"column":24}},"10":{"start":{"line":42,"column":6},"end":{"line":42,"column":22}},"11":{"start":{"line":46,"column":6},"end":{"line":46,"column":29}},"12":{"start":{"line":50,"column":6},"end":{"line":50,"column":26}},"13":{"start":{"line":54,"column":6},"end":{"line":54,"column":26}},"14":{"start":{"line":58,"column":6},"end":{"line":58,"column":24}},"15":{"start":{"line":62,"column":6},"end":{"line":62,"column":27}},"16":{"start":{"line":66,"column":6},"end":{"line":66,"column":31}},"17":{"start":{"line":70,"column":6},"end":{"line":70,"column":52}},"18":{"start":{"line":74,"column":6},"end":{"line":74,"column":71}},"19":{"start":{"line":78,"column":6},"end":{"line":78,"column":27}},"20":{"start":{"line":3,"column":0},"end":{"line":3,"column":13}}},"fnMap":{"0":{"name":"(anonymous_0)","decl":{"start":{"line":14,"column":4},"end":{"line":14,"column":null}},"loc":{"start":{"line":20,"column":19},"end":{"line":28,"column":5}}},"1":{"name":"(anonymous_1)","decl":{"start":{"line":30,"column":4},"end":{"line":30,"column":15}},"loc":{"start":{"line":30,"column":17},"end":{"line":32,"column":5}}},"2":{"name":"(anonymous_2)","decl":{"start":{"line":33,"column":4},"end":{"line":33,"column":15}},"loc":{"start":{"line":33,"column":31},"end":{"line":35,"column":5}}},"3":{"name":"(anonymous_3)","decl":{"start":{"line":37,"column":4},"end":{"line":37,"column":15}},"loc":{"start":{"line":37,"column":19},"end":{"line":39,"column":5}}},"4":{"name":"(anonymous_4)","decl":{"start":{"line":41,"column":4},"end":{"line":41,"column":15}},"loc":{"start":{"line":41,"column":17},"end":{"line":43,"column":5}}},"5":{"name":"(anonymous_5)","decl":{"start":{"line":45,"column":4},"end":{"line":45,"column":15}},"loc":{"start":{"line":45,"column":24},"end":{"line":47,"column":5}}},"6":{"name":"(anonymous_6)","decl":{"start":{"line":49,"column":4},"end":{"line":49,"column":15}},"loc":{"start":{"line":49,"column":21},"end":{"line":51,"column":5}}},"7":{"name":"(anonymous_7)","decl":{"start":{"line":53,"column":4},"end":{"line":53,"column":15}},"loc":{"start":{"line":53,"column":21},"end":{"line":55,"column":5}}},"8":{"name":"(anonymous_8)","decl":{"start":{"line":57,"column":4},"end":{"line":57,"column":15}},"loc":{"start":{"line":57,"column":19},"end":{"line":59,"column":5}}},"9":{"name":"(anonymous_9)","decl":{"start":{"line":61,"column":4},"end":{"line":61,"column":15}},"loc":{"start":{"line":61,"column":22},"end":{"line":63,"column":5}}},"10":{"name":"(anonymous_10)","decl":{"start":{"line":65,"column":4},"end":{"line":65,"column":15}},"loc":{"start":{"line":65,"column":26},"end":{"line":67,"column":5}}},"11":{"name":"(anonymous_11)","decl":{"start":{"line":69,"column":11},"end":{"line":69,"column":18}},"loc":{"start":{"line":69,"column":32},"end":{"line":71,"column":5}}},"12":{"name":"(anonymous_12)","decl":{"start":{"line":73,"column":4},"end":{"line":73,"column":15}},"loc":{"start":{"line":73,"column":33},"end":{"line":75,"column":5}}},"13":{"name":"(anonymous_13)","decl":{"start":{"line":77,"column":11},"end":{"line":77,"column":21}},"loc":{"start":{"line":77,"column":21},"end":{"line":79,"column":5}}}},"branchMap":{"0":{"loc":{"start":{"line":26,"column":26},"end":{"line":26,"column":43}},"type":"cond-expr","locations":[{"start":{"line":26,"column":26},"end":{"line":26,"column":37}},{"start":{"line":26,"column":41},"end":{"line":26,"column":43}}]},"1":{"loc":{"start":{"line":26,"column":26},"end":{"line":26,"column":41}},"type":"binary-expr","locations":[{"start":{"line":26,"column":26},"end":{"line":26,"column":41}},{"start":{"line":26,"column":26},"end":{"line":26,"column":41}}]},"2":{"loc":{"start":{"line":70,"column":19},"end":{"line":70,"column":51}},"type":"cond-expr","locations":[{"start":{"line":70,"column":19},"end":{"line":70,"column":23}},{"start":{"line":70,"column":27},"end":{"line":70,"column":51}}]},"3":{"loc":{"start":{"line":70,"column":19},"end":{"line":70,"column":27}},"type":"binary-expr","locations":[{"start":{"line":70,"column":19},"end":{"line":70,"column":27}},{"start":{"line":70,"column":19},"end":{"line":70,"column":27}}]},"4":{"loc":{"start":{"line":74,"column":19},"end":{"line":74,"column":70}},"type":"cond-expr","locations":[{"start":{"line":74,"column":30},"end":{"line":74,"column":65}},{"start":{"line":74,"column":68},"end":{"line":74,"column":70}}]}},"s":{"0":0,"1":0,"2":0,"3":0,"4":0,"5":0,"6":0,"7":0,"8":0,"9":0,"10":0,"11":0,"12":0,"13":0,"14":0,"15":0,"16":0,"17":0,"18":0,"19":0,"20":1},"f":{"0":0,"1":0,"2":0,"3":0,"4":0,"5":0,"6":0,"7":0,"8":0,"9":0,"10":0,"11":0,"12":0,"13":0},"b":{"0":[0,0],"1":[0,0],"2":[0,0],"3":[0,0],"4":[0,0]}}
,"C:\\Users\\esteb\\Documents\\Esteban\\Proyectos\\BackEnd\\JavaScritp\\konecta-backend-ai-assessment-esteban-penagos\\task-manager-api\\src\\domain\\enums\\AuditActions.ts": {"path":"C:\\Users\\esteb\\Documents\\Esteban\\Proyectos\\BackEnd\\JavaScritp\\konecta-backend-ai-assessment-esteban-penagos\\task-manager-api\\src\\domain\\enums\\AuditActions.ts","statementMap":{"0":{"start":{"line":1,"column":0},"end":{"line":1,"column":null}},"1":{"start":{"line":2,"column":4},"end":{"line":2,"column":null}},"2":{"start":{"line":3,"column":4},"end":{"line":3,"column":null}},"3":{"start":{"line":4,"column":4},"end":{"line":4,"column":null}},"4":{"start":{"line":5,"column":4},"end":{"line":5,"column":null}},"5":{"start":{"line":6,"column":4},"end":{"line":6,"column":null}},"6":{"start":{"line":7,"column":4},"end":{"line":7,"column":null}},"7":{"start":{"line":8,"column":4},"end":{"line":8,"column":null}}},"fnMap":{"0":{"name":"(anonymous_0)","decl":{"start":{"line":1,"column":0},"end":{"line":1,"column":12}},"loc":{"start":{"line":1,"column":24},"end":{"line":9,"column":3}}}},"branchMap":{"0":{"loc":{"start":{"line":1,"column":12},"end":{"line":1,"column":null}},"type":"binary-expr","locations":[{"start":{"line":1,"column":12},"end":{"line":1,"column":24}},{"start":{"line":1,"column":24},"end":{"line":1,"column":null}}]}},"s":{"0":1,"1":1,"2":1,"3":1,"4":1,"5":1,"6":1,"7":1},"f":{"0":1},"b":{"0":[1,1]}}
,"C:\\Users\\esteb\\Documents\\Esteban\\Proyectos\\BackEnd\\JavaScritp\\konecta-backend-ai-assessment-esteban-penagos\\task-manager-api\\src\\domain\\task\\Task.ts": {"path":"C:\\Users\\esteb\\Documents\\Esteban\\Proyectos\\BackEnd\\JavaScritp\\konecta-backend-ai-assessment-esteban-penagos\\task-manager-api\\src\\domain\\task\\Task.ts","statementMap":{"0":{"start":{"line":14,"column":4},"end":{"line":14,"column":26}},"1":{"start":{"line":15,"column":4},"end":{"line":15,"column":26}},"2":{"start":{"line":16,"column":4},"end":{"line":16,"column":36}},"3":{"start":{"line":17,"column":4},"end":{"line":17,"column":32}},"4":{"start":{"line":21,"column":4},"end":{"line":21,"column":20}},"5":{"start":{"line":24,"column":4},"end":{"line":24,"column":24}},"6":{"start":{"line":27,"column":4},"end":{"line":27,"column":24}},"7":{"start":{"line":30,"column":4},"end":{"line":30,"column":29}},"8":{"start":{"line":33,"column":4},"end":{"line":33,"column":27}},"9":{"start":{"line":37,"column":4},"end":{"line":39,"column":null}},"10":{"start":{"line":38,"column":6},"end":{"line":38,"column":33}},"11":{"start":{"line":40,"column":4},"end":{"line":40,"column":18}},"12":{"start":{"line":1,"column":0},"end":{"line":1,"column":13}}},"fnMap":{"0":{"name":"(anonymous_0)","decl":{"start":{"line":8,"column":2},"end":{"line":8,"column":null}},"loc":{"start":{"line":12,"column":22},"end":{"line":18,"column":3}}},"1":{"name":"(anonymous_1)","decl":{"start":{"line":20,"column":2},"end":{"line":20,"column":13}},"loc":{"start":{"line":20,"column":15},"end":{"line":22,"column":3}}},"2":{"name":"(anonymous_2)","decl":{"start":{"line":23,"column":2},"end":{"line":23,"column":13}},"loc":{"start":{"line":23,"column":19},"end":{"line":25,"column":3}}},"3":{"name":"(anonymous_3)","decl":{"start":{"line":26,"column":2},"end":{"line":26,"column":13}},"loc":{"start":{"line":26,"column":19},"end":{"line":28,"column":3}}},"4":{"name":"(anonymous_4)","decl":{"start":{"line":29,"column":2},"end":{"line":29,"column":13}},"loc":{"start":{"line":29,"column":24},"end":{"line":31,"column":3}}},"5":{"name":"(anonymous_5)","decl":{"start":{"line":32,"column":2},"end":{"line":32,"column":13}},"loc":{"start":{"line":32,"column":22},"end":{"line":34,"column":3}}},"6":{"name":"(anonymous_6)","decl":{"start":{"line":36,"column":9},"end":{"line":36,"column":14}},"loc":{"start":{"line":36,"column":25},"end":{"line":41,"column":3}}}},"branchMap":{"0":{"loc":{"start":{"line":37,"column":4},"end":{"line":39,"column":null}},"type":"if","locations":[{"start":{"line":37,"column":4},"end":{"line":39,"column":null}}]}},"s":{"0":0,"1":0,"2":0,"3":0,"4":0,"5":0,"6":0,"7":0,"8":0,"9":0,"10":0,"11":0,"12":0},"f":{"0":0,"1":0,"2":0,"3":0,"4":0,"5":0,"6":0},"b":{"0":[0]}}
,"C:\\Users\\esteb\\Documents\\Esteban\\Proyectos\\BackEnd\\JavaScritp\\konecta-backend-ai-assessment-esteban-penagos\\task-manager-api\\src\\domain\\user\\User.ts": {"path":"C:\\Users\\esteb\\Documents\\Esteban\\Proyectos\\BackEnd\\JavaScritp\\konecta-backend-ai-assessment-esteban-penagos\\task-manager-api\\src\\domain\\user\\User.ts","statementMap":{"0":{"start":{"line":7,"column":6},"end":{"line":7,"column":33}},"1":{"start":{"line":8,"column":6},"end":{"line":8,"column":33}},"2":{"start":{"line":12,"column":6},"end":{"line":12,"column":22}},"3":{"start":{"line":16,"column":6},"end":{"line":16,"column":28}},"4":{"start":{"line":20,"column":6},"end":{"line":20,"column":28}},"5":{"start":{"line":24,"column":6},"end":{"line":26,"column":null}},"6":{"start":{"line":25,"column":8},"end":{"line":25,"column":35}},"7":{"start":{"line":27,"column":6},"end":{"line":27,"column":20}},"8":{"start":{"line":1,"column":0},"end":{"line":1,"column":13}}},"fnMap":{"0":{"name":"(anonymous_0)","decl":{"start":{"line":6,"column":4},"end":{"line":6,"column":16}},"loc":{"start":{"line":6,"column":52},"end":{"line":9,"column":5}}},"1":{"name":"(anonymous_1)","decl":{"start":{"line":11,"column":4},"end":{"line":11,"column":15}},"loc":{"start":{"line":11,"column":17},"end":{"line":13,"column":5}}},"2":{"name":"(anonymous_2)","decl":{"start":{"line":15,"column":4},"end":{"line":15,"column":15}},"loc":{"start":{"line":15,"column":23},"end":{"line":17,"column":5}}},"3":{"name":"(anonymous_3)","decl":{"start":{"line":19,"column":4},"end":{"line":19,"column":15}},"loc":{"start":{"line":19,"column":23},"end":{"line":21,"column":5}}},"4":{"name":"(anonymous_4)","decl":{"start":{"line":23,"column":11},"end":{"line":23,"column":16}},"loc":{"start":{"line":23,"column":27},"end":{"line":28,"column":5}}}},"branchMap":{"0":{"loc":{"start":{"line":24,"column":6},"end":{"line":26,"column":null}},"type":"if","locations":[{"start":{"line":24,"column":6},"end":{"line":26,"column":null}}]}},"s":{"0":0,"1":0,"2":0,"3":0,"4":0,"5":0,"6":0,"7":0,"8":0},"f":{"0":0,"1":0,"2":0,"3":0,"4":0},"b":{"0":[0]}}
}
